2022-07-12 10:07:48,259 test_ab.py [line:31] INFO title是正常注册流程，测试数据：{'mobile_phone': '18812345689', 'pwd': '12345678'}，预期结果是：{'code': 0, 'msg': 'OK', 'data': {'id': 20244576, 'reg_name': '小柠檬', 'mobile_phone': '18812345678'}}
2022-07-12 10:07:48,389 test_ab.py [line:31] INFO title是无效手机号，测试数据：{'mobile_phone': '15012345678', 'pwd': '1234567'}，预期结果是：{'code': 2, 'msg': '无效的手机格式', 'data': None}
2022-07-12 10:07:48,495 test_ab.py [line:31] INFO title是密码长度小于8，测试数据：{'mobile_phone': '18812345678', 'pwd': '1234568'}，预期结果是：{'code': 2, 'msg': '密码格式为8到16位', 'data': None}
2022-07-12 10:07:48,591 test_ab.py [line:31] INFO title是已注册账号，测试数据：{'mobile_phone': '15012345678', 'pwd': '12345678'}，预期结果是：{'code': 2, 'msg': '账号已存在', 'data': None}
2022-07-12 10:07:48,709 test_ab.py [line:31] INFO title是密码为空，测试数据：{'mobile_phone': '18812345678', 'pwd': ''}，预期结果是：{'code': 1, 'msg': '密码为空', 'data': None}
2022-07-12 10:07:48,805 test_ab.py [line:31] INFO title是手机号为空，测试数据：{'mobile_phone': '', 'pwd': ''}，预期结果是：{'code': 1, 'msg': '手机号为空', 'data': None}
2022-07-12 10:07:48,916 test_ab.py [line:31] INFO title是昵称长度为10，测试数据：{'mobile_phone': '18823456781', 'pwd': '1234567890', 'type': 0, 'reg_name': '小梅小梅小梅小梅小梅'}，预期结果是：{'code': 0, 'msg': 'OK', 'data': {'id': 20244817, 'reg_name': '小梅小梅小梅小梅小梅', 'mobile_phone': '18823455781'}}
2022-07-12 10:07:49,037 test_ab.py [line:31] INFO title是昵称长度大于10，测试数据：{'mobile_phone': '18823456771', 'pwd': '1234567890', 'type': 1, 'reg_name': '小梅111111111111111111111111111111111111111'}，预期结果是：{'code': 2, 'msg': '用户昵称长度超过10位', 'data': None}
2022-07-12 10:07:49,145 test_ab.py [line:31] INFO title是数字昵称，测试数据：{'mobile_phone': '18823456721', 'pwd': '1234567890', 'type': 0, 'reg_name': '1111111111'}，预期结果是：{'code': 0, 'msg': 'OK', 'data': {'id': 20244705, 'reg_name': '1111111111', 'mobile_phone': '18823456721'}}
2022-07-12 10:07:49,262 test_ab.py [line:31] INFO title是昵称长度小于10，测试数据：{'mobile_phone': '18823456731', 'pwd': '1234567890', 'type': 0, 'reg_name': '111111111'}，预期结果是：{'code': 0, 'msg': 'OK', 'data': {'id': 20244708, 'reg_name': '111111111', 'mobile_phone': '18823456731'}}
2022-07-12 10:25:29,317 test_ab.py [line:32] INFO title是正常注册流程，测试数据：{'mobile_phone': '18812345689', 'pwd': '12345678'}，预期结果是：{'code': 0, 'msg': 'OK', 'data': {'id': 20244576, 'reg_name': '小柠檬', 'mobile_phone': '18812345678'}}
2022-07-12 10:25:29,497 test_ab.py [line:32] INFO title是无效手机号，测试数据：{'mobile_phone': '15012345678', 'pwd': '1234567'}，预期结果是：{'code': 2, 'msg': '无效的手机格式', 'data': None}
2022-07-12 10:25:29,640 test_ab.py [line:32] INFO title是密码长度小于8，测试数据：{'mobile_phone': '18812345678', 'pwd': '1234568'}，预期结果是：{'code': 2, 'msg': '密码格式为8到16位', 'data': None}
2022-07-12 10:25:29,771 test_ab.py [line:32] INFO title是已注册账号，测试数据：{'mobile_phone': '15012345678', 'pwd': '12345678'}，预期结果是：{'code': 2, 'msg': '账号已存在', 'data': None}
2022-07-12 10:25:29,922 test_ab.py [line:32] INFO title是密码为空，测试数据：{'mobile_phone': '18812345678', 'pwd': ''}，预期结果是：{'code': 1, 'msg': '密码为空', 'data': None}
2022-07-12 10:25:30,043 test_ab.py [line:32] INFO title是手机号为空，测试数据：{'mobile_phone': '', 'pwd': ''}，预期结果是：{'code': 1, 'msg': '手机号为空', 'data': None}
2022-07-12 10:25:30,139 test_ab.py [line:32] INFO title是昵称长度为10，测试数据：{'mobile_phone': '18823456781', 'pwd': '1234567890', 'type': 0, 'reg_name': '小梅小梅小梅小梅小梅'}，预期结果是：{'code': 0, 'msg': 'OK', 'data': {'id': 20244817, 'reg_name': '小梅小梅小梅小梅小梅', 'mobile_phone': '18823455781'}}
2022-07-12 10:25:30,259 test_ab.py [line:32] INFO title是昵称长度大于10，测试数据：{'mobile_phone': '18823456771', 'pwd': '1234567890', 'type': 1, 'reg_name': '小梅111111111111111111111111111111111111111'}，预期结果是：{'code': 2, 'msg': '用户昵称长度超过10位', 'data': None}
2022-07-12 10:25:30,354 test_ab.py [line:32] INFO title是数字昵称，测试数据：{'mobile_phone': '18823456721', 'pwd': '1234567890', 'type': 0, 'reg_name': '1111111111'}，预期结果是：{'code': 0, 'msg': 'OK', 'data': {'id': 20244705, 'reg_name': '1111111111', 'mobile_phone': '18823456721'}}
2022-07-12 10:25:30,479 test_ab.py [line:32] INFO title是昵称长度小于10，测试数据：{'mobile_phone': '18823456731', 'pwd': '1234567890', 'type': 0, 'reg_name': '111111111'}，预期结果是：{'code': 0, 'msg': 'OK', 'data': {'id': 20244708, 'reg_name': '111111111', 'mobile_phone': '18823456731'}}
2022-07-12 10:27:04,637 test_ab.py [line:32] INFO title是正常注册流程，测试数据：{'mobile_phone': '18812345689', 'pwd': '12345678'}，预期结果是：{'code': 0, 'msg': 'OK', 'data': {'id': 20244576, 'reg_name': '小柠檬', 'mobile_phone': '18812345678'}}
2022-07-12 10:27:04,736 test_ab.py [line:32] INFO title是无效手机号，测试数据：{'mobile_phone': '15012345678', 'pwd': '1234567'}，预期结果是：{'code': 2, 'msg': '无效的手机格式', 'data': None}
2022-07-12 10:27:04,841 test_ab.py [line:32] INFO title是密码长度小于8，测试数据：{'mobile_phone': '18812345678', 'pwd': '1234568'}，预期结果是：{'code': 2, 'msg': '密码格式为8到16位', 'data': None}
2022-07-12 10:27:04,946 test_ab.py [line:32] INFO title是已注册账号，测试数据：{'mobile_phone': '15012345678', 'pwd': '12345678'}，预期结果是：{'code': 2, 'msg': '账号已存在', 'data': None}
2022-07-12 10:27:05,048 test_ab.py [line:32] INFO title是密码为空，测试数据：{'mobile_phone': '18812345678', 'pwd': ''}，预期结果是：{'code': 1, 'msg': '密码为空', 'data': None}
2022-07-12 10:27:05,152 test_ab.py [line:32] INFO title是手机号为空，测试数据：{'mobile_phone': '', 'pwd': ''}，预期结果是：{'code': 1, 'msg': '手机号为空', 'data': None}
2022-07-12 10:27:05,253 test_ab.py [line:32] INFO title是昵称长度为10，测试数据：{'mobile_phone': '18823456781', 'pwd': '1234567890', 'type': 0, 'reg_name': '小梅小梅小梅小梅小梅'}，预期结果是：{'code': 0, 'msg': 'OK', 'data': {'id': 20244817, 'reg_name': '小梅小梅小梅小梅小梅', 'mobile_phone': '18823455781'}}
2022-07-12 10:27:05,357 test_ab.py [line:32] INFO title是昵称长度大于10，测试数据：{'mobile_phone': '18823456771', 'pwd': '1234567890', 'type': 1, 'reg_name': '小梅111111111111111111111111111111111111111'}，预期结果是：{'code': 2, 'msg': '用户昵称长度超过10位', 'data': None}
2022-07-12 10:27:05,452 test_ab.py [line:32] INFO title是数字昵称，测试数据：{'mobile_phone': '18823456721', 'pwd': '1234567890', 'type': 0, 'reg_name': '1111111111'}，预期结果是：{'code': 0, 'msg': 'OK', 'data': {'id': 20244705, 'reg_name': '1111111111', 'mobile_phone': '18823456721'}}
2022-07-12 10:27:05,550 test_ab.py [line:32] INFO title是昵称长度小于10，测试数据：{'mobile_phone': '18823456731', 'pwd': '1234567890', 'type': 0, 'reg_name': '111111111'}，预期结果是：{'code': 0, 'msg': 'OK', 'data': {'id': 20244708, 'reg_name': '111111111', 'mobile_phone': '18823456731'}}
2022-07-12 10:27:05,650 test_ab.py [line:32] INFO title是正常注册流程，测试数据：{'mobile_phone': '18812345689', 'pwd': '12345678'}，预期结果是：{'code': 0, 'msg': 'OK', 'data': {'id': 20244576, 'reg_name': '小柠檬', 'mobile_phone': '18812345678'}}
2022-07-12 10:27:05,750 test_ab.py [line:32] INFO title是无效手机号，测试数据：{'mobile_phone': '15012345678', 'pwd': '1234567'}，预期结果是：{'code': 2, 'msg': '无效的手机格式', 'data': None}
2022-07-12 10:27:05,858 test_ab.py [line:32] INFO title是密码长度小于8，测试数据：{'mobile_phone': '18812345678', 'pwd': '1234568'}，预期结果是：{'code': 2, 'msg': '密码格式为8到16位', 'data': None}
2022-07-12 10:27:05,957 test_ab.py [line:32] INFO title是已注册账号，测试数据：{'mobile_phone': '15012345678', 'pwd': '12345678'}，预期结果是：{'code': 2, 'msg': '账号已存在', 'data': None}
2022-07-12 10:27:06,053 test_ab.py [line:32] INFO title是密码为空，测试数据：{'mobile_phone': '18812345678', 'pwd': ''}，预期结果是：{'code': 1, 'msg': '密码为空', 'data': None}
2022-07-12 10:27:06,153 test_ab.py [line:32] INFO title是手机号为空，测试数据：{'mobile_phone': '', 'pwd': ''}，预期结果是：{'code': 1, 'msg': '手机号为空', 'data': None}
2022-07-12 10:27:06,248 test_ab.py [line:32] INFO title是昵称长度为10，测试数据：{'mobile_phone': '18823456781', 'pwd': '1234567890', 'type': 0, 'reg_name': '小梅小梅小梅小梅小梅'}，预期结果是：{'code': 0, 'msg': 'OK', 'data': {'id': 20244817, 'reg_name': '小梅小梅小梅小梅小梅', 'mobile_phone': '18823455781'}}
2022-07-12 10:27:06,347 test_ab.py [line:32] INFO title是昵称长度大于10，测试数据：{'mobile_phone': '18823456771', 'pwd': '1234567890', 'type': 1, 'reg_name': '小梅111111111111111111111111111111111111111'}，预期结果是：{'code': 2, 'msg': '用户昵称长度超过10位', 'data': None}
2022-07-12 10:27:06,445 test_ab.py [line:32] INFO title是数字昵称，测试数据：{'mobile_phone': '18823456721', 'pwd': '1234567890', 'type': 0, 'reg_name': '1111111111'}，预期结果是：{'code': 0, 'msg': 'OK', 'data': {'id': 20244705, 'reg_name': '1111111111', 'mobile_phone': '18823456721'}}
2022-07-12 10:27:06,545 test_ab.py [line:32] INFO title是昵称长度小于10，测试数据：{'mobile_phone': '18823456731', 'pwd': '1234567890', 'type': 0, 'reg_name': '111111111'}，预期结果是：{'code': 0, 'msg': 'OK', 'data': {'id': 20244708, 'reg_name': '111111111', 'mobile_phone': '18823456731'}}
2022-07-12 10:32:16,147 test_ab.py [line:33] INFO title是正常注册流程，测试数据：{'mobile_phone': '18812345689', 'pwd': '12345678'}，预期结果是：{'code': 0, 'msg': 'OK', 'data': {'id': 20244576, 'reg_name': '小柠檬', 'mobile_phone': '18812345678'}}
2022-07-12 10:32:16,273 test_ab.py [line:33] INFO title是无效手机号，测试数据：{'mobile_phone': '15012345678', 'pwd': '1234567'}，预期结果是：{'code': 2, 'msg': '无效的手机格式', 'data': None}
2022-07-12 10:32:16,379 test_ab.py [line:33] INFO title是密码长度小于8，测试数据：{'mobile_phone': '18812345678', 'pwd': '1234568'}，预期结果是：{'code': 2, 'msg': '密码格式为8到16位', 'data': None}
2022-07-12 10:32:16,481 test_ab.py [line:33] INFO title是已注册账号，测试数据：{'mobile_phone': '15012345678', 'pwd': '12345678'}，预期结果是：{'code': 2, 'msg': '账号已存在', 'data': None}
2022-07-12 10:32:16,600 test_ab.py [line:33] INFO title是密码为空，测试数据：{'mobile_phone': '18812345678', 'pwd': ''}，预期结果是：{'code': 1, 'msg': '密码为空', 'data': None}
2022-07-12 10:32:16,703 test_ab.py [line:33] INFO title是手机号为空，测试数据：{'mobile_phone': '', 'pwd': ''}，预期结果是：{'code': 1, 'msg': '手机号为空', 'data': None}
2022-07-12 10:32:16,812 test_ab.py [line:33] INFO title是昵称长度为10，测试数据：{'mobile_phone': '18823456781', 'pwd': '1234567890', 'type': 0, 'reg_name': '小梅小梅小梅小梅小梅'}，预期结果是：{'code': 0, 'msg': 'OK', 'data': {'id': 20244817, 'reg_name': '小梅小梅小梅小梅小梅', 'mobile_phone': '18823455781'}}
2022-07-12 10:32:16,958 test_ab.py [line:33] INFO title是昵称长度大于10，测试数据：{'mobile_phone': '18823456771', 'pwd': '1234567890', 'type': 1, 'reg_name': '小梅111111111111111111111111111111111111111'}，预期结果是：{'code': 2, 'msg': '用户昵称长度超过10位', 'data': None}
2022-07-12 10:32:17,055 test_ab.py [line:33] INFO title是数字昵称，测试数据：{'mobile_phone': '18823456721', 'pwd': '1234567890', 'type': 0, 'reg_name': '1111111111'}，预期结果是：{'code': 0, 'msg': 'OK', 'data': {'id': 20244705, 'reg_name': '1111111111', 'mobile_phone': '18823456721'}}
2022-07-12 10:32:17,180 test_ab.py [line:33] INFO title是昵称长度小于10，测试数据：{'mobile_phone': '18823456731', 'pwd': '1234567890', 'type': 0, 'reg_name': '111111111'}，预期结果是：{'code': 0, 'msg': 'OK', 'data': {'id': 20244708, 'reg_name': '111111111', 'mobile_phone': '18823456731'}}
2022-07-12 10:32:35,057 test_ab.py [line:33] INFO title是正常注册流程，测试数据：{'mobile_phone': '18812345689', 'pwd': '12345678'}，预期结果是：{'code': 0, 'msg': 'OK', 'data': {'id': 20244576, 'reg_name': '小柠檬', 'mobile_phone': '18812345678'}}
2022-07-12 10:32:35,166 test_ab.py [line:33] INFO title是无效手机号，测试数据：{'mobile_phone': '15012345678', 'pwd': '1234567'}，预期结果是：{'code': 2, 'msg': '无效的手机格式', 'data': None}
2022-07-12 10:32:35,265 test_ab.py [line:33] INFO title是密码长度小于8，测试数据：{'mobile_phone': '18812345678', 'pwd': '1234568'}，预期结果是：{'code': 2, 'msg': '密码格式为8到16位', 'data': None}
2022-07-12 10:32:35,361 test_ab.py [line:33] INFO title是已注册账号，测试数据：{'mobile_phone': '15012345678', 'pwd': '12345678'}，预期结果是：{'code': 2, 'msg': '账号已存在', 'data': None}
2022-07-12 10:32:35,465 test_ab.py [line:33] INFO title是密码为空，测试数据：{'mobile_phone': '18812345678', 'pwd': ''}，预期结果是：{'code': 1, 'msg': '密码为空', 'data': None}
2022-07-12 10:32:35,566 test_ab.py [line:33] INFO title是手机号为空，测试数据：{'mobile_phone': '', 'pwd': ''}，预期结果是：{'code': 1, 'msg': '手机号为空', 'data': None}
2022-07-12 10:32:35,665 test_ab.py [line:33] INFO title是昵称长度为10，测试数据：{'mobile_phone': '18823456781', 'pwd': '1234567890', 'type': 0, 'reg_name': '小梅小梅小梅小梅小梅'}，预期结果是：{'code': 0, 'msg': 'OK', 'data': {'id': 20244817, 'reg_name': '小梅小梅小梅小梅小梅', 'mobile_phone': '18823455781'}}
2022-07-12 10:32:35,783 test_ab.py [line:33] INFO title是昵称长度大于10，测试数据：{'mobile_phone': '18823456771', 'pwd': '1234567890', 'type': 1, 'reg_name': '小梅111111111111111111111111111111111111111'}，预期结果是：{'code': 2, 'msg': '用户昵称长度超过10位', 'data': None}
2022-07-12 10:32:35,886 test_ab.py [line:33] INFO title是数字昵称，测试数据：{'mobile_phone': '18823456721', 'pwd': '1234567890', 'type': 0, 'reg_name': '1111111111'}，预期结果是：{'code': 0, 'msg': 'OK', 'data': {'id': 20244705, 'reg_name': '1111111111', 'mobile_phone': '18823456721'}}
2022-07-12 10:32:36,009 test_ab.py [line:33] INFO title是昵称长度小于10，测试数据：{'mobile_phone': '18823456731', 'pwd': '1234567890', 'type': 0, 'reg_name': '111111111'}，预期结果是：{'code': 0, 'msg': 'OK', 'data': {'id': 20244708, 'reg_name': '111111111', 'mobile_phone': '18823456731'}}
2022-07-12 10:39:52,325 test_ab.py [line:33] INFO title是正常注册流程，测试数据：{'mobile_phone': '18812345689', 'pwd': '12345678'}，预期结果是：{'code': 0, 'msg': 'OK', 'data': {'id': 20244576, 'reg_name': '小柠檬', 'mobile_phone': '18812345678'}}
2022-07-12 10:39:52,440 test_ab.py [line:33] INFO title是无效手机号，测试数据：{'mobile_phone': '15012345678', 'pwd': '1234567'}，预期结果是：{'code': 2, 'msg': '无效的手机格式', 'data': None}
2022-07-12 10:39:52,550 test_ab.py [line:33] INFO title是密码长度小于8，测试数据：{'mobile_phone': '18812345678', 'pwd': '1234568'}，预期结果是：{'code': 2, 'msg': '密码格式为8到16位', 'data': None}
2022-07-12 10:39:52,660 test_ab.py [line:33] INFO title是已注册账号，测试数据：{'mobile_phone': '15012345678', 'pwd': '12345678'}，预期结果是：{'code': 2, 'msg': '账号已存在', 'data': None}
2022-07-12 10:39:52,776 test_ab.py [line:33] INFO title是密码为空，测试数据：{'mobile_phone': '18812345678', 'pwd': ''}，预期结果是：{'code': 1, 'msg': '密码为空', 'data': None}
2022-07-12 10:39:52,876 test_ab.py [line:33] INFO title是手机号为空，测试数据：{'mobile_phone': '', 'pwd': ''}，预期结果是：{'code': 1, 'msg': '手机号为空', 'data': None}
2022-07-12 10:39:52,982 test_ab.py [line:33] INFO title是昵称长度为10，测试数据：{'mobile_phone': '18823456781', 'pwd': '1234567890', 'type': 0, 'reg_name': '小梅小梅小梅小梅小梅'}，预期结果是：{'code': 0, 'msg': 'OK', 'data': {'id': 20244817, 'reg_name': '小梅小梅小梅小梅小梅', 'mobile_phone': '18823455781'}}
2022-07-12 10:39:53,110 test_ab.py [line:33] INFO title是昵称长度大于10，测试数据：{'mobile_phone': '18823456771', 'pwd': '1234567890', 'type': 1, 'reg_name': '小梅111111111111111111111111111111111111111'}，预期结果是：{'code': 2, 'msg': '用户昵称长度超过10位', 'data': None}
2022-07-12 10:39:53,210 test_ab.py [line:33] INFO title是数字昵称，测试数据：{'mobile_phone': '18823456721', 'pwd': '1234567890', 'type': 0, 'reg_name': '1111111111'}，预期结果是：{'code': 0, 'msg': 'OK', 'data': {'id': 20244705, 'reg_name': '1111111111', 'mobile_phone': '18823456721'}}
2022-07-12 10:39:53,339 test_ab.py [line:33] INFO title是昵称长度小于10，测试数据：{'mobile_phone': '18823456731', 'pwd': '1234567890', 'type': 0, 'reg_name': '111111111'}，预期结果是：{'code': 0, 'msg': 'OK', 'data': {'id': 20244708, 'reg_name': '111111111', 'mobile_phone': '18823456731'}}
2022-07-12 10:48:21,346 test_ab.py [line:33] INFO title是正常注册流程，测试数据：{"mobile_phone":"18812345689","pwd":"12345678"}，预期结果是：{'code': 0, 'msg': 'OK', 'data': {'id': 20244576, 'reg_name': '小柠檬', 'mobile_phone': '18812345678'}}
2022-07-12 10:48:21,456 test_ab.py [line:33] INFO title是无效手机号，测试数据：{"mobile_phone":"15012345678","pwd":"1234567"}，预期结果是：{'code': 2, 'msg': '无效的手机格式', 'data': None}
2022-07-12 10:48:21,562 test_ab.py [line:33] INFO title是密码长度小于8，测试数据：{"mobile_phone":"18812345678","pwd":"1234568"}，预期结果是：{'code': 2, 'msg': '密码格式为8到16位', 'data': None}
2022-07-12 10:48:21,661 test_ab.py [line:33] INFO title是已注册账号，测试数据：{"mobile_phone":"15012345678","pwd":"12345678"}，预期结果是：{'code': 2, 'msg': '账号已存在', 'data': None}
2022-07-12 10:48:21,786 test_ab.py [line:33] INFO title是密码为空，测试数据：{"mobile_phone":"18812345678","pwd":""}，预期结果是：{'code': 1, 'msg': '密码为空', 'data': None}
2022-07-12 10:48:21,892 test_ab.py [line:33] INFO title是手机号为空，测试数据：{"mobile_phone":"","pwd":""} ，预期结果是：{'code': 1, 'msg': '手机号为空', 'data': None}
2022-07-12 10:48:21,996 test_ab.py [line:33] INFO title是昵称长度为10，测试数据：{"mobile_phone":"18823456781","pwd":"1234567890","type":0,"reg_name":"小梅小梅小梅小梅小梅"}，预期结果是：{'code': 0, 'msg': 'OK', 'data': {'id': 20244817, 'reg_name': '小梅小梅小梅小梅小梅', 'mobile_phone': '18823455781'}}
2022-07-12 10:48:22,118 test_ab.py [line:33] INFO title是昵称长度大于10，测试数据：{"mobile_phone":"18823456771","pwd":"1234567890","type":1,"reg_name":"小梅111111111111111111111111111111111111111"}，预期结果是：{'code': 2, 'msg': '用户昵称长度超过10位', 'data': None}
2022-07-12 10:48:22,225 test_ab.py [line:33] INFO title是数字昵称，测试数据：{"mobile_phone":"18823456721","pwd":"1234567890","type":0,"reg_name":"1111111111"}，预期结果是：{'code': 0, 'msg': 'OK', 'data': {'id': 20244705, 'reg_name': '1111111111', 'mobile_phone': '18823456721'}}
2022-07-12 10:48:22,348 test_ab.py [line:33] INFO title是昵称长度小于10，测试数据：{"mobile_phone":"18823456731","pwd":"1234567890","type":0,"reg_name":"111111111"}，预期结果是：{'code': 0, 'msg': 'OK', 'data': {'id': 20244708, 'reg_name': '111111111', 'mobile_phone': '18823456731'}}
2022-07-12 10:48:44,963 test_ab.py [line:33] INFO title是正常注册流程，测试数据：{"mobile_phone":"18812345689","pwd":"12345678"}，预期结果是：{'code': 0, 'msg': 'OK', 'data': {'id': 20244576, 'reg_name': '小柠檬', 'mobile_phone': '18812345678'}}
2022-07-12 10:48:45,061 test_ab.py [line:33] INFO title是无效手机号，测试数据：{"mobile_phone":"15012345678","pwd":"1234567"}，预期结果是：{'code': 2, 'msg': '无效的手机格式', 'data': None}
2022-07-12 10:48:45,198 test_ab.py [line:33] INFO title是密码长度小于8，测试数据：{"mobile_phone":"18812345678","pwd":"1234568"}，预期结果是：{'code': 2, 'msg': '密码格式为8到16位', 'data': None}
2022-07-12 10:48:45,302 test_ab.py [line:33] INFO title是已注册账号，测试数据：{"mobile_phone":"15012345678","pwd":"12345678"}，预期结果是：{'code': 2, 'msg': '账号已存在', 'data': None}
2022-07-12 10:48:45,405 test_ab.py [line:33] INFO title是密码为空，测试数据：{"mobile_phone":"18812345678","pwd":""}，预期结果是：{'code': 1, 'msg': '密码为空', 'data': None}
2022-07-12 10:48:45,518 test_ab.py [line:33] INFO title是手机号为空，测试数据：{"mobile_phone":"","pwd":""} ，预期结果是：{'code': 1, 'msg': '手机号为空', 'data': None}
2022-07-12 10:48:45,622 test_ab.py [line:33] INFO title是昵称长度为10，测试数据：{"mobile_phone":"18823456781","pwd":"1234567890","type":0,"reg_name":"小梅小梅小梅小梅小梅"}，预期结果是：{'code': 0, 'msg': 'OK', 'data': {'id': 20244817, 'reg_name': '小梅小梅小梅小梅小梅', 'mobile_phone': '18823455781'}}
2022-07-12 10:48:45,718 test_ab.py [line:33] INFO title是昵称长度大于10，测试数据：{"mobile_phone":"18823456771","pwd":"1234567890","type":1,"reg_name":"小梅111111111111111111111111111111111111111"}，预期结果是：{'code': 2, 'msg': '用户昵称长度超过10位', 'data': None}
2022-07-12 10:48:45,820 test_ab.py [line:33] INFO title是数字昵称，测试数据：{"mobile_phone":"18823456721","pwd":"1234567890","type":0,"reg_name":"1111111111"}，预期结果是：{'code': 0, 'msg': 'OK', 'data': {'id': 20244705, 'reg_name': '1111111111', 'mobile_phone': '18823456721'}}
2022-07-12 10:48:45,915 test_ab.py [line:33] INFO title是昵称长度小于10，测试数据：{"mobile_phone":"18823456731","pwd":"1234567890","type":0,"reg_name":"111111111"}，预期结果是：{'code': 0, 'msg': 'OK', 'data': {'id': 20244708, 'reg_name': '111111111', 'mobile_phone': '18823456731'}}
2022-07-12 10:49:15,225 test_ab.py [line:33] INFO title是正常注册流程，测试数据：{"mobile_phone":"18812345689","pwd":"12345678"}，预期结果是：{'code': 0, 'msg': 'OK', 'data': {'id': 20244576, 'reg_name': '小柠檬', 'mobile_phone': '18812345678'}}
2022-07-12 10:49:15,330 test_ab.py [line:33] INFO title是无效手机号，测试数据：{"mobile_phone":"15012345678","pwd":"1234567"}，预期结果是：{'code': 2, 'msg': '无效的手机格式', 'data': None}
2022-07-12 10:49:15,437 test_ab.py [line:33] INFO title是密码长度小于8，测试数据：{"mobile_phone":"18812345678","pwd":"1234568"}，预期结果是：{'code': 2, 'msg': '密码格式为8到16位', 'data': None}
2022-07-12 10:49:15,552 test_ab.py [line:33] INFO title是已注册账号，测试数据：{"mobile_phone":"15012345678","pwd":"12345678"}，预期结果是：{'code': 2, 'msg': '账号已存在', 'data': None}
2022-07-12 10:49:15,662 test_ab.py [line:33] INFO title是密码为空，测试数据：{"mobile_phone":"18812345678","pwd":""}，预期结果是：{'code': 1, 'msg': '密码为空', 'data': None}
2022-07-12 10:49:15,762 test_ab.py [line:33] INFO title是手机号为空，测试数据：{"mobile_phone":"","pwd":""} ，预期结果是：{'code': 1, 'msg': '手机号为空', 'data': None}
2022-07-12 10:49:15,862 test_ab.py [line:33] INFO title是昵称长度为10，测试数据：{"mobile_phone":"18823456781","pwd":"1234567890","type":0,"reg_name":"小梅小梅小梅小梅小梅"}，预期结果是：{'code': 0, 'msg': 'OK', 'data': {'id': 20244817, 'reg_name': '小梅小梅小梅小梅小梅', 'mobile_phone': '18823455781'}}
2022-07-12 10:49:15,962 test_ab.py [line:33] INFO title是昵称长度大于10，测试数据：{"mobile_phone":"18823456771","pwd":"1234567890","type":1,"reg_name":"小梅111111111111111111111111111111111111111"}，预期结果是：{'code': 2, 'msg': '用户昵称长度超过10位', 'data': None}
2022-07-12 10:49:16,063 test_ab.py [line:33] INFO title是数字昵称，测试数据：{"mobile_phone":"18823456721","pwd":"1234567890","type":0,"reg_name":"1111111111"}，预期结果是：{'code': 0, 'msg': 'OK', 'data': {'id': 20244705, 'reg_name': '1111111111', 'mobile_phone': '18823456721'}}
2022-07-12 10:49:16,178 test_ab.py [line:33] INFO title是昵称长度小于10，测试数据：{"mobile_phone":"18823456731","pwd":"1234567890","type":0,"reg_name":"111111111"}，预期结果是：{'code': 0, 'msg': 'OK', 'data': {'id': 20244708, 'reg_name': '111111111', 'mobile_phone': '18823456731'}}
2022-07-12 10:49:47,987 test_ab.py [line:33] INFO title是正常注册流程，测试数据：{"mobile_phone":"18812345689","pwd":"12345678"}，预期结果是：{'code': 0, 'msg': 'OK', 'data': {'id': 20244576, 'reg_name': '小柠檬', 'mobile_phone': '18812345678'}}
2022-07-12 10:49:48,090 test_ab.py [line:33] INFO title是无效手机号，测试数据：{"mobile_phone":"15012345678","pwd":"1234567"}，预期结果是：{'code': 2, 'msg': '无效的手机格式', 'data': None}
2022-07-12 10:49:48,191 test_ab.py [line:33] INFO title是密码长度小于8，测试数据：{"mobile_phone":"18812345678","pwd":"1234568"}，预期结果是：{'code': 2, 'msg': '密码格式为8到16位', 'data': None}
2022-07-12 10:49:48,299 test_ab.py [line:33] INFO title是已注册账号，测试数据：{"mobile_phone":"15012345678","pwd":"12345678"}，预期结果是：{'code': 2, 'msg': '账号已存在', 'data': None}
2022-07-12 10:49:48,407 test_ab.py [line:33] INFO title是密码为空，测试数据：{"mobile_phone":"18812345678","pwd":""}，预期结果是：{'code': 1, 'msg': '密码为空', 'data': None}
2022-07-12 10:49:48,507 test_ab.py [line:33] INFO title是手机号为空，测试数据：{"mobile_phone":"","pwd":""} ，预期结果是：{'code': 1, 'msg': '手机号为空', 'data': None}
2022-07-12 10:49:48,603 test_ab.py [line:33] INFO title是昵称长度为10，测试数据：{"mobile_phone":"18823456781","pwd":"1234567890","type":0,"reg_name":"小梅小梅小梅小梅小梅"}，预期结果是：{'code': 0, 'msg': 'OK', 'data': {'id': 20244817, 'reg_name': '小梅小梅小梅小梅小梅', 'mobile_phone': '18823455781'}}
2022-07-12 10:49:48,700 test_ab.py [line:33] INFO title是昵称长度大于10，测试数据：{"mobile_phone":"18823456771","pwd":"1234567890","type":1,"reg_name":"小梅111111111111111111111111111111111111111"}，预期结果是：{'code': 2, 'msg': '用户昵称长度超过10位', 'data': None}
2022-07-12 10:49:48,807 test_ab.py [line:33] INFO title是数字昵称，测试数据：{"mobile_phone":"18823456721","pwd":"1234567890","type":0,"reg_name":"1111111111"}，预期结果是：{'code': 0, 'msg': 'OK', 'data': {'id': 20244705, 'reg_name': '1111111111', 'mobile_phone': '18823456721'}}
2022-07-12 10:49:48,909 test_ab.py [line:33] INFO title是昵称长度小于10，测试数据：{"mobile_phone":"18823456731","pwd":"1234567890","type":0,"reg_name":"111111111"}，预期结果是：{'code': 0, 'msg': 'OK', 'data': {'id': 20244708, 'reg_name': '111111111', 'mobile_phone': '18823456731'}}
2022-07-12 10:51:52,927 test_ab.py [line:33] INFO title是正常注册流程，测试数据：{"mobile_phone":"18812345689","pwd":"12345678"}，预期结果是：{'code': 0, 'msg': 'OK', 'data': {'id': 20244576, 'reg_name': '小柠檬', 'mobile_phone': '18812345678'}}
2022-07-12 10:51:53,070 test_ab.py [line:33] INFO title是无效手机号，测试数据：{"mobile_phone":"15012345678","pwd":"1234567"}，预期结果是：{'code': 2, 'msg': '无效的手机格式', 'data': None}
2022-07-12 10:51:53,165 test_ab.py [line:33] INFO title是密码长度小于8，测试数据：{"mobile_phone":"18812345678","pwd":"1234568"}，预期结果是：{'code': 2, 'msg': '密码格式为8到16位', 'data': None}
2022-07-12 10:51:53,262 test_ab.py [line:33] INFO title是已注册账号，测试数据：{"mobile_phone":"15012345678","pwd":"12345678"}，预期结果是：{'code': 2, 'msg': '账号已存在', 'data': None}
2022-07-12 10:51:53,364 test_ab.py [line:33] INFO title是密码为空，测试数据：{"mobile_phone":"18812345678","pwd":""}，预期结果是：{'code': 1, 'msg': '密码为空', 'data': None}
2022-07-12 10:51:53,470 test_ab.py [line:33] INFO title是手机号为空，测试数据：{"mobile_phone":"","pwd":""} ，预期结果是：{'code': 1, 'msg': '手机号为空', 'data': None}
2022-07-12 10:51:53,570 test_ab.py [line:33] INFO title是昵称长度为10，测试数据：{"mobile_phone":"18823456781","pwd":"1234567890","type":0,"reg_name":"小梅小梅小梅小梅小梅"}，预期结果是：{'code': 0, 'msg': 'OK', 'data': {'id': 20244817, 'reg_name': '小梅小梅小梅小梅小梅', 'mobile_phone': '18823455781'}}
2022-07-12 10:51:53,668 test_ab.py [line:33] INFO title是昵称长度大于10，测试数据：{"mobile_phone":"18823456771","pwd":"1234567890","type":1,"reg_name":"小梅111111111111111111111111111111111111111"}，预期结果是：{'code': 2, 'msg': '用户昵称长度超过10位', 'data': None}
2022-07-12 10:51:53,770 test_ab.py [line:33] INFO title是数字昵称，测试数据：{"mobile_phone":"18823456721","pwd":"1234567890","type":0,"reg_name":"1111111111"}，预期结果是：{'code': 0, 'msg': 'OK', 'data': {'id': 20244705, 'reg_name': '1111111111', 'mobile_phone': '18823456721'}}
2022-07-12 10:51:53,870 test_ab.py [line:33] INFO title是昵称长度小于10，测试数据：{"mobile_phone":"18823456731","pwd":"1234567890","type":0,"reg_name":"111111111"}，预期结果是：{'code': 0, 'msg': 'OK', 'data': {'id': 20244708, 'reg_name': '111111111', 'mobile_phone': '18823456731'}}
2022-07-12 10:57:48,732 test_ab.py [line:33] INFO title是正常注册流程，测试数据：{'mobile_phone': '18812345689', 'pwd': '12345678'}，预期结果是：{'code': 0, 'msg': 'OK', 'data': {'id': 20244576, 'reg_name': '小柠檬', 'mobile_phone': '18812345678'}}
2022-07-12 10:57:48,850 test_ab.py [line:33] INFO title是无效手机号，测试数据：{'mobile_phone': '15012345678', 'pwd': '1234567'}，预期结果是：{'code': 2, 'msg': '无效的手机格式', 'data': None}
2022-07-12 10:57:48,949 test_ab.py [line:33] INFO title是密码长度小于8，测试数据：{'mobile_phone': '18812345678', 'pwd': '1234568'}，预期结果是：{'code': 2, 'msg': '密码格式为8到16位', 'data': None}
2022-07-12 10:57:49,048 test_ab.py [line:33] INFO title是已注册账号，测试数据：{'mobile_phone': '15012345678', 'pwd': '12345678'}，预期结果是：{'code': 2, 'msg': '账号已存在', 'data': None}
2022-07-12 10:57:49,166 test_ab.py [line:33] INFO title是密码为空，测试数据：{'mobile_phone': '18812345678', 'pwd': ''}，预期结果是：{'code': 1, 'msg': '密码为空', 'data': None}
2022-07-12 10:57:49,262 test_ab.py [line:33] INFO title是手机号为空，测试数据：{'mobile_phone': '', 'pwd': ''}，预期结果是：{'code': 1, 'msg': '手机号为空', 'data': None}
2022-07-12 10:57:49,364 test_ab.py [line:33] INFO title是昵称长度为10，测试数据：{'mobile_phone': '18823456781', 'pwd': '1234567890', 'type': 0, 'reg_name': '小梅小梅小梅小梅小梅'}，预期结果是：{'code': 0, 'msg': 'OK', 'data': {'id': 20244817, 'reg_name': '小梅小梅小梅小梅小梅', 'mobile_phone': '18823455781'}}
2022-07-12 10:57:49,480 test_ab.py [line:33] INFO title是昵称长度大于10，测试数据：{'mobile_phone': '18823456771', 'pwd': '1234567890', 'type': 1, 'reg_name': '小梅111111111111111111111111111111111111111'}，预期结果是：{'code': 2, 'msg': '用户昵称长度超过10位', 'data': None}
2022-07-12 10:57:49,586 test_ab.py [line:33] INFO title是数字昵称，测试数据：{'mobile_phone': '18823456721', 'pwd': '1234567890', 'type': 0, 'reg_name': '1111111111'}，预期结果是：{'code': 0, 'msg': 'OK', 'data': {'id': 20244705, 'reg_name': '1111111111', 'mobile_phone': '18823456721'}}
2022-07-12 10:57:49,702 test_ab.py [line:33] INFO title是昵称长度小于10，测试数据：{'mobile_phone': '18823456731', 'pwd': '1234567890', 'type': 0, 'reg_name': '111111111'}，预期结果是：{'code': 0, 'msg': 'OK', 'data': {'id': 20244708, 'reg_name': '111111111', 'mobile_phone': '18823456731'}}
2022-07-12 10:59:08,010 test_ab.py [line:33] INFO title是正常注册流程，测试数据：{'mobile_phone': '18812345689', 'pwd': '12345678'}，预期结果是：{'code': 0, 'msg': 'OK', 'data': {'id': 20244576, 'reg_name': '小柠檬', 'mobile_phone': '18812345678'}}
2022-07-12 10:59:08,113 test_ab.py [line:33] INFO title是无效手机号，测试数据：{'mobile_phone': '15012345678', 'pwd': '1234567'}，预期结果是：{'code': 2, 'msg': '无效的手机格式', 'data': None}
2022-07-12 10:59:08,220 test_ab.py [line:33] INFO title是密码长度小于8，测试数据：{'mobile_phone': '18812345678', 'pwd': '1234568'}，预期结果是：{'code': 2, 'msg': '密码格式为8到16位', 'data': None}
2022-07-12 10:59:08,324 test_ab.py [line:33] INFO title是已注册账号，测试数据：{'mobile_phone': '15012345678', 'pwd': '12345678'}，预期结果是：{'code': 2, 'msg': '账号已存在', 'data': None}
2022-07-12 10:59:08,421 test_ab.py [line:33] INFO title是密码为空，测试数据：{'mobile_phone': '18812345678', 'pwd': ''}，预期结果是：{'code': 1, 'msg': '密码为空', 'data': None}
2022-07-12 10:59:08,519 test_ab.py [line:33] INFO title是手机号为空，测试数据：{'mobile_phone': '', 'pwd': ''}，预期结果是：{'code': 1, 'msg': '手机号为空', 'data': None}
2022-07-12 10:59:08,619 test_ab.py [line:33] INFO title是昵称长度为10，测试数据：{'mobile_phone': '18823456781', 'pwd': '1234567890', 'type': 0, 'reg_name': '小梅小梅小梅小梅小梅'}，预期结果是：{'code': 0, 'msg': 'OK', 'data': {'id': 20244817, 'reg_name': '小梅小梅小梅小梅小梅', 'mobile_phone': '18823455781'}}
2022-07-12 10:59:08,725 test_ab.py [line:33] INFO title是昵称长度大于10，测试数据：{'mobile_phone': '18823456771', 'pwd': '1234567890', 'type': 1, 'reg_name': '小梅111111111111111111111111111111111111111'}，预期结果是：{'code': 2, 'msg': '用户昵称长度超过10位', 'data': None}
2022-07-12 10:59:08,834 test_ab.py [line:33] INFO title是数字昵称，测试数据：{'mobile_phone': '18823456721', 'pwd': '1234567890', 'type': 0, 'reg_name': '1111111111'}，预期结果是：{'code': 0, 'msg': 'OK', 'data': {'id': 20244705, 'reg_name': '1111111111', 'mobile_phone': '18823456721'}}
2022-07-12 10:59:08,930 test_ab.py [line:33] INFO title是昵称长度小于10，测试数据：{'mobile_phone': '18823456731', 'pwd': '1234567890', 'type': 0, 'reg_name': '111111111'}，预期结果是：{'code': 0, 'msg': 'OK', 'data': {'id': 20244708, 'reg_name': '111111111', 'mobile_phone': '18823456731'}}
