2022-07-11 18:20:21,123 test_ab.py [line:30] INFO title是正常注册流程，测试数据：{'mobile_phone': '18812345689', 'pwd': '12345678'}，预期结果是：{'code': 0, 'msg': 'OK', 'data': {'id': 20244576, 'reg_name': '小柠檬', 'mobile_phone': '18812345678'}}
2022-07-11 18:20:21,224 test_ab.py [line:30] INFO title是无效手机号，测试数据：{'mobile_phone': '15012345678', 'pwd': '1234567'}，预期结果是：{'code': 2, 'msg': '无效的手机格式', 'data': None}
2022-07-11 18:20:21,323 test_ab.py [line:30] INFO title是密码长度小于8，测试数据：{'mobile_phone': '18812345678', 'pwd': '1234568'}，预期结果是：{'code': 2, 'msg': '密码格式为8到16位', 'data': None}
2022-07-11 18:20:21,426 test_ab.py [line:30] INFO title是已注册账号，测试数据：{'mobile_phone': '15012345678', 'pwd': '12345678'}，预期结果是：{'code': 2, 'msg': '账号已存在', 'data': None}
2022-07-11 18:20:21,536 test_ab.py [line:30] INFO title是密码为空，测试数据：{'mobile_phone': '18812345678', 'pwd': ''}，预期结果是：{'code': 1, 'msg': '密码为空', 'data': None}
2022-07-11 18:20:21,645 test_ab.py [line:30] INFO title是手机号为空，测试数据：{'mobile_phone': '', 'pwd': ''}，预期结果是：{'code': 1, 'msg': '手机号为空', 'data': None}
2022-07-11 18:20:21,745 test_ab.py [line:30] INFO title是昵称长度为10，测试数据：{'mobile_phone': '18823456781', 'pwd': '1234567890', 'type': 0, 'reg_name': '小梅小梅小梅小梅小梅'}，预期结果是：{'code': 0, 'msg': 'OK', 'data': {'id': 20244817, 'reg_name': '小梅小梅小梅小梅小梅', 'mobile_phone': '18823455781'}}
2022-07-11 18:20:21,844 test_ab.py [line:30] INFO title是昵称长度大于10，测试数据：{'mobile_phone': '18823456771', 'pwd': '1234567890', 'type': 1, 'reg_name': '小梅111111111111111111111111111111111111111'}，预期结果是：{'code': 2, 'msg': '用户昵称长度超过10位', 'data': None}
2022-07-11 18:20:21,943 test_ab.py [line:30] INFO title是数字昵称，测试数据：{'mobile_phone': '18823456721', 'pwd': '1234567890', 'type': 0, 'reg_name': '1111111111'}，预期结果是：{'code': 0, 'msg': 'OK', 'data': {'id': 20244705, 'reg_name': '1111111111', 'mobile_phone': '18823456721'}}
2022-07-11 18:20:22,051 test_ab.py [line:30] INFO title是昵称长度小于10，测试数据：{'mobile_phone': '18823456731', 'pwd': '1234567890', 'type': 0, 'reg_name': '111111111'}，预期结果是：{'code': 0, 'msg': 'OK', 'data': {'id': 20244708, 'reg_name': '111111111', 'mobile_phone': '18823456731'}}
2022-07-11 18:21:06,177 test_ab.py [line:30] INFO title是正常注册流程，测试数据：{'mobile_phone': '18812345689', 'pwd': '12345678'}，预期结果是：{'code': 0, 'msg': 'OK', 'data': {'id': 20244576, 'reg_name': '小柠檬', 'mobile_phone': '18812345678'}}
2022-07-11 18:21:06,276 test_ab.py [line:30] INFO title是无效手机号，测试数据：{'mobile_phone': '15012345678', 'pwd': '1234567'}，预期结果是：{'code': 2, 'msg': '无效的手机格式', 'data': None}
2022-07-11 18:21:06,375 test_ab.py [line:30] INFO title是密码长度小于8，测试数据：{'mobile_phone': '18812345678', 'pwd': '1234568'}，预期结果是：{'code': 2, 'msg': '密码格式为8到16位', 'data': None}
2022-07-11 18:21:06,467 test_ab.py [line:30] INFO title是已注册账号，测试数据：{'mobile_phone': '15012345678', 'pwd': '12345678'}，预期结果是：{'code': 2, 'msg': '账号已存在', 'data': None}
2022-07-11 18:21:06,586 test_ab.py [line:30] INFO title是密码为空，测试数据：{'mobile_phone': '18812345678', 'pwd': ''}，预期结果是：{'code': 1, 'msg': '密码为空', 'data': None}
2022-07-11 18:21:06,692 test_ab.py [line:30] INFO title是手机号为空，测试数据：{'mobile_phone': '', 'pwd': ''}，预期结果是：{'code': 1, 'msg': '手机号为空', 'data': None}
2022-07-11 18:21:06,796 test_ab.py [line:30] INFO title是昵称长度为10，测试数据：{'mobile_phone': '18823456781', 'pwd': '1234567890', 'type': 0, 'reg_name': '小梅小梅小梅小梅小梅'}，预期结果是：{'code': 0, 'msg': 'OK', 'data': {'id': 20244817, 'reg_name': '小梅小梅小梅小梅小梅', 'mobile_phone': '18823455781'}}
2022-07-11 18:21:06,914 test_ab.py [line:30] INFO title是昵称长度大于10，测试数据：{'mobile_phone': '18823456771', 'pwd': '1234567890', 'type': 1, 'reg_name': '小梅111111111111111111111111111111111111111'}，预期结果是：{'code': 2, 'msg': '用户昵称长度超过10位', 'data': None}
2022-07-11 18:21:07,011 test_ab.py [line:30] INFO title是数字昵称，测试数据：{'mobile_phone': '18823456721', 'pwd': '1234567890', 'type': 0, 'reg_name': '1111111111'}，预期结果是：{'code': 0, 'msg': 'OK', 'data': {'id': 20244705, 'reg_name': '1111111111', 'mobile_phone': '18823456721'}}
2022-07-11 18:21:07,109 test_ab.py [line:30] INFO title是昵称长度小于10，测试数据：{'mobile_phone': '18823456731', 'pwd': '1234567890', 'type': 0, 'reg_name': '111111111'}，预期结果是：{'code': 0, 'msg': 'OK', 'data': {'id': 20244708, 'reg_name': '111111111', 'mobile_phone': '18823456731'}}
2022-07-11 18:21:58,681 test_ab.py [line:30] INFO title是正常注册流程，测试数据：{'mobile_phone': '18812345689', 'pwd': '12345678'}，预期结果是：{'code': 0, 'msg': 'OK', 'data': {'id': 20244576, 'reg_name': '小柠檬', 'mobile_phone': '18812345678'}}
2022-07-11 18:21:58,789 test_ab.py [line:30] INFO title是无效手机号，测试数据：{'mobile_phone': '15012345678', 'pwd': '1234567'}，预期结果是：{'code': 2, 'msg': '无效的手机格式', 'data': None}
2022-07-11 18:21:58,925 test_ab.py [line:30] INFO title是密码长度小于8，测试数据：{'mobile_phone': '18812345678', 'pwd': '1234568'}，预期结果是：{'code': 2, 'msg': '密码格式为8到16位', 'data': None}
2022-07-11 18:21:59,036 test_ab.py [line:30] INFO title是已注册账号，测试数据：{'mobile_phone': '15012345678', 'pwd': '12345678'}，预期结果是：{'code': 2, 'msg': '账号已存在', 'data': None}
2022-07-11 18:21:59,137 test_ab.py [line:30] INFO title是密码为空，测试数据：{'mobile_phone': '18812345678', 'pwd': ''}，预期结果是：{'code': 1, 'msg': '密码为空', 'data': None}
2022-07-11 18:21:59,244 test_ab.py [line:30] INFO title是手机号为空，测试数据：{'mobile_phone': '', 'pwd': ''}，预期结果是：{'code': 1, 'msg': '手机号为空', 'data': None}
2022-07-11 18:21:59,341 test_ab.py [line:30] INFO title是昵称长度为10，测试数据：{'mobile_phone': '18823456781', 'pwd': '1234567890', 'type': 0, 'reg_name': '小梅小梅小梅小梅小梅'}，预期结果是：{'code': 0, 'msg': 'OK', 'data': {'id': 20244817, 'reg_name': '小梅小梅小梅小梅小梅', 'mobile_phone': '18823455781'}}
2022-07-11 18:21:59,447 test_ab.py [line:30] INFO title是昵称长度大于10，测试数据：{'mobile_phone': '18823456771', 'pwd': '1234567890', 'type': 1, 'reg_name': '小梅111111111111111111111111111111111111111'}，预期结果是：{'code': 2, 'msg': '用户昵称长度超过10位', 'data': None}
2022-07-11 18:21:59,548 test_ab.py [line:30] INFO title是数字昵称，测试数据：{'mobile_phone': '18823456721', 'pwd': '1234567890', 'type': 0, 'reg_name': '1111111111'}，预期结果是：{'code': 0, 'msg': 'OK', 'data': {'id': 20244705, 'reg_name': '1111111111', 'mobile_phone': '18823456721'}}
2022-07-11 18:21:59,652 test_ab.py [line:30] INFO title是昵称长度小于10，测试数据：{'mobile_phone': '18823456731', 'pwd': '1234567890', 'type': 0, 'reg_name': '111111111'}，预期结果是：{'code': 0, 'msg': 'OK', 'data': {'id': 20244708, 'reg_name': '111111111', 'mobile_phone': '18823456731'}}
2022-07-11 18:23:30,395 test_ab.py [line:30] INFO title是正常注册流程，测试数据：{'mobile_phone': '18812345689', 'pwd': '12345678'}，预期结果是：{'code': 0, 'msg': 'OK', 'data': {'id': 20244576, 'reg_name': '小柠檬', 'mobile_phone': '18812345678'}}
2022-07-11 18:23:30,536 test_ab.py [line:30] INFO title是无效手机号，测试数据：{'mobile_phone': '15012345678', 'pwd': '1234567'}，预期结果是：{'code': 2, 'msg': '无效的手机格式', 'data': None}
2022-07-11 18:23:30,635 test_ab.py [line:30] INFO title是密码长度小于8，测试数据：{'mobile_phone': '18812345678', 'pwd': '1234568'}，预期结果是：{'code': 2, 'msg': '密码格式为8到16位', 'data': None}
2022-07-11 18:23:30,737 test_ab.py [line:30] INFO title是已注册账号，测试数据：{'mobile_phone': '15012345678', 'pwd': '12345678'}，预期结果是：{'code': 2, 'msg': '账号已存在', 'data': None}
2022-07-11 18:23:30,853 test_ab.py [line:30] INFO title是密码为空，测试数据：{'mobile_phone': '18812345678', 'pwd': ''}，预期结果是：{'code': 1, 'msg': '密码为空', 'data': None}
2022-07-11 18:23:30,964 test_ab.py [line:30] INFO title是手机号为空，测试数据：{'mobile_phone': '', 'pwd': ''}，预期结果是：{'code': 1, 'msg': '手机号为空', 'data': None}
2022-07-11 18:23:31,067 test_ab.py [line:30] INFO title是昵称长度为10，测试数据：{'mobile_phone': '18823456781', 'pwd': '1234567890', 'type': 0, 'reg_name': '小梅小梅小梅小梅小梅'}，预期结果是：{'code': 0, 'msg': 'OK', 'data': {'id': 20244817, 'reg_name': '小梅小梅小梅小梅小梅', 'mobile_phone': '18823455781'}}
2022-07-11 18:23:31,185 test_ab.py [line:30] INFO title是昵称长度大于10，测试数据：{'mobile_phone': '18823456771', 'pwd': '1234567890', 'type': 1, 'reg_name': '小梅111111111111111111111111111111111111111'}，预期结果是：{'code': 2, 'msg': '用户昵称长度超过10位', 'data': None}
2022-07-11 18:23:31,289 test_ab.py [line:30] INFO title是数字昵称，测试数据：{'mobile_phone': '18823456721', 'pwd': '1234567890', 'type': 0, 'reg_name': '1111111111'}，预期结果是：{'code': 0, 'msg': 'OK', 'data': {'id': 20244705, 'reg_name': '1111111111', 'mobile_phone': '18823456721'}}
2022-07-11 18:23:31,406 test_ab.py [line:30] INFO title是昵称长度小于10，测试数据：{'mobile_phone': '18823456731', 'pwd': '1234567890', 'type': 0, 'reg_name': '111111111'}，预期结果是：{'code': 0, 'msg': 'OK', 'data': {'id': 20244708, 'reg_name': '111111111', 'mobile_phone': '18823456731'}}
2022-07-11 18:24:29,711 test_ab.py [line:30] INFO title是正常注册流程，测试数据：{'mobile_phone': '18812345689', 'pwd': '12345678'}，预期结果是：{'code': 0, 'msg': 'OK', 'data': {'id': 20244576, 'reg_name': '小柠檬', 'mobile_phone': '18812345678'}}
2022-07-11 18:24:29,824 test_ab.py [line:30] INFO title是无效手机号，测试数据：{'mobile_phone': '15012345678', 'pwd': '1234567'}，预期结果是：{'code': 2, 'msg': '无效的手机格式', 'data': None}
2022-07-11 18:24:29,941 test_ab.py [line:30] INFO title是密码长度小于8，测试数据：{'mobile_phone': '18812345678', 'pwd': '1234568'}，预期结果是：{'code': 2, 'msg': '密码格式为8到16位', 'data': None}
2022-07-11 18:24:30,046 test_ab.py [line:30] INFO title是已注册账号，测试数据：{'mobile_phone': '15012345678', 'pwd': '12345678'}，预期结果是：{'code': 2, 'msg': '账号已存在', 'data': None}
2022-07-11 18:24:30,147 test_ab.py [line:30] INFO title是密码为空，测试数据：{'mobile_phone': '18812345678', 'pwd': ''}，预期结果是：{'code': 1, 'msg': '密码为空', 'data': None}
2022-07-11 18:24:30,239 test_ab.py [line:30] INFO title是手机号为空，测试数据：{'mobile_phone': '', 'pwd': ''}，预期结果是：{'code': 1, 'msg': '手机号为空', 'data': None}
2022-07-11 18:24:30,341 test_ab.py [line:30] INFO title是昵称长度为10，测试数据：{'mobile_phone': '18823456781', 'pwd': '1234567890', 'type': 0, 'reg_name': '小梅小梅小梅小梅小梅'}，预期结果是：{'code': 0, 'msg': 'OK', 'data': {'id': 20244817, 'reg_name': '小梅小梅小梅小梅小梅', 'mobile_phone': '18823455781'}}
2022-07-11 18:24:30,447 test_ab.py [line:30] INFO title是昵称长度大于10，测试数据：{'mobile_phone': '18823456771', 'pwd': '1234567890', 'type': 1, 'reg_name': '小梅111111111111111111111111111111111111111'}，预期结果是：{'code': 2, 'msg': '用户昵称长度超过10位', 'data': None}
2022-07-11 18:24:30,556 test_ab.py [line:30] INFO title是数字昵称，测试数据：{'mobile_phone': '18823456721', 'pwd': '1234567890', 'type': 0, 'reg_name': '1111111111'}，预期结果是：{'code': 0, 'msg': 'OK', 'data': {'id': 20244705, 'reg_name': '1111111111', 'mobile_phone': '18823456721'}}
2022-07-11 18:24:30,660 test_ab.py [line:30] INFO title是昵称长度小于10，测试数据：{'mobile_phone': '18823456731', 'pwd': '1234567890', 'type': 0, 'reg_name': '111111111'}，预期结果是：{'code': 0, 'msg': 'OK', 'data': {'id': 20244708, 'reg_name': '111111111', 'mobile_phone': '18823456731'}}
2022-07-11 18:28:29,661 test_ab.py [line:30] INFO title是正常注册流程，测试数据：{'mobile_phone': '18812345689', 'pwd': '12345678'}，预期结果是：{'code': 0, 'msg': 'OK', 'data': {'id': 20244576, 'reg_name': '小柠檬', 'mobile_phone': '18812345678'}}
2022-07-11 18:28:29,809 test_ab.py [line:30] INFO title是无效手机号，测试数据：{'mobile_phone': '15012345678', 'pwd': '1234567'}，预期结果是：{'code': 2, 'msg': '无效的手机格式', 'data': None}
2022-07-11 18:28:29,926 test_ab.py [line:30] INFO title是密码长度小于8，测试数据：{'mobile_phone': '18812345678', 'pwd': '1234568'}，预期结果是：{'code': 2, 'msg': '密码格式为8到16位', 'data': None}
2022-07-11 18:28:30,031 test_ab.py [line:30] INFO title是已注册账号，测试数据：{'mobile_phone': '15012345678', 'pwd': '12345678'}，预期结果是：{'code': 2, 'msg': '账号已存在', 'data': None}
2022-07-11 18:28:30,175 test_ab.py [line:30] INFO title是密码为空，测试数据：{'mobile_phone': '18812345678', 'pwd': ''}，预期结果是：{'code': 1, 'msg': '密码为空', 'data': None}
2022-07-11 18:28:30,298 test_ab.py [line:30] INFO title是手机号为空，测试数据：{'mobile_phone': '', 'pwd': ''}，预期结果是：{'code': 1, 'msg': '手机号为空', 'data': None}
2022-07-11 18:28:30,400 test_ab.py [line:30] INFO title是昵称长度为10，测试数据：{'mobile_phone': '18823456781', 'pwd': '1234567890', 'type': 0, 'reg_name': '小梅小梅小梅小梅小梅'}，预期结果是：{'code': 0, 'msg': 'OK', 'data': {'id': 20244817, 'reg_name': '小梅小梅小梅小梅小梅', 'mobile_phone': '18823455781'}}
2022-07-11 18:28:30,522 test_ab.py [line:30] INFO title是昵称长度大于10，测试数据：{'mobile_phone': '18823456771', 'pwd': '1234567890', 'type': 1, 'reg_name': '小梅111111111111111111111111111111111111111'}，预期结果是：{'code': 2, 'msg': '用户昵称长度超过10位', 'data': None}
2022-07-11 18:28:30,635 test_ab.py [line:30] INFO title是数字昵称，测试数据：{'mobile_phone': '18823456721', 'pwd': '1234567890', 'type': 0, 'reg_name': '1111111111'}，预期结果是：{'code': 0, 'msg': 'OK', 'data': {'id': 20244705, 'reg_name': '1111111111', 'mobile_phone': '18823456721'}}
2022-07-11 18:28:30,758 test_ab.py [line:30] INFO title是昵称长度小于10，测试数据：{'mobile_phone': '18823456731', 'pwd': '1234567890', 'type': 0, 'reg_name': '111111111'}，预期结果是：{'code': 0, 'msg': 'OK', 'data': {'id': 20244708, 'reg_name': '111111111', 'mobile_phone': '18823456731'}}
2022-07-11 18:29:06,005 test_ab.py [line:30] INFO title是正常注册流程，测试数据：{'mobile_phone': '18812345689', 'pwd': '12345678'}，预期结果是：{'code': 0, 'msg': 'OK', 'data': {'id': 20244576, 'reg_name': '小柠檬', 'mobile_phone': '18812345678'}}
2022-07-11 18:29:06,120 test_ab.py [line:30] INFO title是无效手机号，测试数据：{'mobile_phone': '15012345678', 'pwd': '1234567'}，预期结果是：{'code': 2, 'msg': '无效的手机格式', 'data': None}
2022-07-11 18:29:06,221 test_ab.py [line:30] INFO title是密码长度小于8，测试数据：{'mobile_phone': '18812345678', 'pwd': '1234568'}，预期结果是：{'code': 2, 'msg': '密码格式为8到16位', 'data': None}
2022-07-11 18:29:06,324 test_ab.py [line:30] INFO title是已注册账号，测试数据：{'mobile_phone': '15012345678', 'pwd': '12345678'}，预期结果是：{'code': 2, 'msg': '账号已存在', 'data': None}
2022-07-11 18:29:06,431 test_ab.py [line:30] INFO title是密码为空，测试数据：{'mobile_phone': '18812345678', 'pwd': ''}，预期结果是：{'code': 1, 'msg': '密码为空', 'data': None}
2022-07-11 18:29:06,551 test_ab.py [line:30] INFO title是手机号为空，测试数据：{'mobile_phone': '', 'pwd': ''}，预期结果是：{'code': 1, 'msg': '手机号为空', 'data': None}
2022-07-11 18:29:06,683 test_ab.py [line:30] INFO title是昵称长度为10，测试数据：{'mobile_phone': '18823456781', 'pwd': '1234567890', 'type': 0, 'reg_name': '小梅小梅小梅小梅小梅'}，预期结果是：{'code': 0, 'msg': 'OK', 'data': {'id': 20244817, 'reg_name': '小梅小梅小梅小梅小梅', 'mobile_phone': '18823455781'}}
2022-07-11 18:29:06,789 test_ab.py [line:30] INFO title是昵称长度大于10，测试数据：{'mobile_phone': '18823456771', 'pwd': '1234567890', 'type': 1, 'reg_name': '小梅111111111111111111111111111111111111111'}，预期结果是：{'code': 2, 'msg': '用户昵称长度超过10位', 'data': None}
2022-07-11 18:29:06,921 test_ab.py [line:30] INFO title是数字昵称，测试数据：{'mobile_phone': '18823456721', 'pwd': '1234567890', 'type': 0, 'reg_name': '1111111111'}，预期结果是：{'code': 0, 'msg': 'OK', 'data': {'id': 20244705, 'reg_name': '1111111111', 'mobile_phone': '18823456721'}}
2022-07-11 18:29:07,019 test_ab.py [line:30] INFO title是昵称长度小于10，测试数据：{'mobile_phone': '18823456731', 'pwd': '1234567890', 'type': 0, 'reg_name': '111111111'}，预期结果是：{'code': 0, 'msg': 'OK', 'data': {'id': 20244708, 'reg_name': '111111111', 'mobile_phone': '18823456731'}}
